<?xml version="1.0" encoding="utf-8"?><testsuites name="pytest tests"><testsuite name="pytest" errors="0" failures="0" skipped="0" tests="6" time="1.682" timestamp="2026-05-29T14:58:01.617959+00:00" hostname="agent-env-20be4a76-e59c-4b18-b532-b9df9c5f808c"><testcase classname="backend.tests.test_bookings" name="test_health" time="0.303" /><testcase classname="backend.tests.test_bookings" name="test_root" time="0.169" /><testcase classname="backend.tests.test_bookings" name="test_create_booking_valid_and_list" time="0.225" /><testcase classname="backend.tests.test_bookings" name="test_create_booking_invalid_service" time="0.143" /><testcase classname="backend.tests.test_bookings" name="test_create_booking_guests_zero" time="0.187" /><testcase classname="backend.tests.test_bookings" name="test_create_booking_guests_too_many" time="0.179" /></testsuite></testsuites>